2025-12-30 15:46:58,897 - ERROR - Uncaught exception
Traceback (most recent call last):
  File "s:\OBSERVATORIO\PROJETOS\BI e Afins\Opera facil\analise_relatorio\analise.py", line 524, in <module>
    root.mainloop()
  File "C:\Python310\lib\tkinter\__init__.py", line 1458, in mainloop
    self.tk.mainloop(n)
KeyboardInterrupt
2025-12-30 15:50:34,859 - ERROR - Uncaught exception
Traceback (most recent call last):
  File "s:\OBSERVATORIO\PROJETOS\BI e Afins\Opera facil\analise_relatorio\analise.py", line 524, in <module>
    root.mainloop()
  File "C:\Python310\lib\tkinter\__init__.py", line 1458, in mainloop
    self.tk.mainloop(n)
KeyboardInterrupt
2025-12-30 15:54:42,225 - ERROR - Uncaught exception
Traceback (most recent call last):
  File "s:\OBSERVATORIO\PROJETOS\BI e Afins\Opera facil\analise_relatorio\analise.py", line 526, in <module>
    root.mainloop()
  File "C:\Python310\lib\tkinter\__init__.py", line 1458, in mainloop
    self.tk.mainloop(n)
KeyboardInterrupt
